{"/Users/nicholasliffen/Documents/code/cfn-lint-action/lib/setup.js": {"path":"/Users/nicholasliffen/Documents/code/cfn-lint-action/lib/setup.js","statementMap":{"0":{"start":{"line":1,"column":13},"end":{"line":1,"column":37}},"1":{"start":{"line":3,"column":22},"end":{"line":3,"column":53}},"2":{"start":{"line":4,"column":23},"end":{"line":4,"column":55}},"3":{"start":{"line":5,"column":23},"end":{"line":5,"column":55}},"4":{"start":{"line":11,"column":2},"end":{"line":16,"column":3}},"5":{"start":{"line":12,"column":4},"end":{"line":12,"column":31}},"6":{"start":{"line":14,"column":4},"end":{"line":14,"column":29}},"7":{"start":{"line":15,"column":4},"end":{"line":15,"column":16}},"8":{"start":{"line":18,"column":2},"end":{"line":23,"column":3}},"9":{"start":{"line":19,"column":4},"end":{"line":19,"column":39}},"10":{"start":{"line":21,"column":4},"end":{"line":21,"column":29}},"11":{"start":{"line":22,"column":4},"end":{"line":22,"column":16}},"12":{"start":{"line":25,"column":2},"end":{"line":25,"column":24}},"13":{"start":{"line":27,"column":2},"end":{"line":29,"column":3}},"14":{"start":{"line":28,"column":4},"end":{"line":28,"column":11}},"15":{"start":{"line":31,"column":2},"end":{"line":36,"column":3}},"16":{"start":{"line":32,"column":4},"end":{"line":32,"column":29}},"17":{"start":{"line":34,"column":4},"end":{"line":34,"column":29}},"18":{"start":{"line":35,"column":4},"end":{"line":35,"column":16}},"19":{"start":{"line":38,"column":2},"end":{"line":38,"column":9}},"20":{"start":{"line":42,"column":0},"end":{"line":42,"column":23}}},"fnMap":{"0":{"name":"setup","decl":{"start":{"line":7,"column":15},"end":{"line":7,"column":20}},"loc":{"start":{"line":7,"column":23},"end":{"line":40,"column":1}},"line":7}},"branchMap":{"0":{"loc":{"start":{"line":27,"column":2},"end":{"line":29,"column":3}},"type":"if","locations":[{"start":{"line":27,"column":2},"end":{"line":29,"column":3}},{"start":{"line":27,"column":2},"end":{"line":29,"column":3}}],"line":27}},"s":{"0":1,"1":1,"2":1,"3":1,"4":8,"5":8,"6":2,"7":2,"8":6,"9":6,"10":0,"11":0,"12":6,"13":6,"14":4,"15":2,"16":2,"17":0,"18":0,"19":2,"20":1},"f":{"0":8},"b":{"0":[4,2]},"_coverageSchema":"1a1c01bbd47fc00a2c39e90264f33305004495a9","hash":"6f7e9494afcb7bc81fbc7c12800c8632604d2fd2"}
,"/Users/nicholasliffen/Documents/code/cfn-lint-action/lib/utils/getInput.js": {"path":"/Users/nicholasliffen/Documents/code/cfn-lint-action/lib/utils/getInput.js","statementMap":{"0":{"start":{"line":1,"column":13},"end":{"line":1,"column":37}},"1":{"start":{"line":3,"column":0},"end":{"line":11,"column":2}},"2":{"start":{"line":5,"column":18},"end":{"line":5,"column":53}},"3":{"start":{"line":6,"column":4},"end":{"line":8,"column":5}},"4":{"start":{"line":7,"column":6},"end":{"line":7,"column":58}},"5":{"start":{"line":9,"column":4},"end":{"line":9,"column":17}}},"fnMap":{"0":{"name":"(anonymous_0)","decl":{"start":{"line":4,"column":12},"end":{"line":4,"column":13}},"loc":{"start":{"line":4,"column":45},"end":{"line":10,"column":3}},"line":4}},"branchMap":{"0":{"loc":{"start":{"line":5,"column":18},"end":{"line":5,"column":53}},"type":"binary-expr","locations":[{"start":{"line":5,"column":18},"end":{"line":5,"column":37}},{"start":{"line":5,"column":41},"end":{"line":5,"column":53}}],"line":5},"1":{"loc":{"start":{"line":6,"column":4},"end":{"line":8,"column":5}},"type":"if","locations":[{"start":{"line":6,"column":4},"end":{"line":8,"column":5}},{"start":{"line":6,"column":4},"end":{"line":8,"column":5}}],"line":6}},"s":{"0":2,"1":2,"2":23,"3":23,"4":3,"5":20},"f":{"0":23},"b":{"0":[23,15],"1":[3,20]},"_coverageSchema":"1a1c01bbd47fc00a2c39e90264f33305004495a9","hash":"5aa611ca0d11d479afc1186b5b320a020f3225d0"}
,"/Users/nicholasliffen/Documents/code/cfn-lint-action/lib/utils/getInputs.js": {"path":"/Users/nicholasliffen/Documents/code/cfn-lint-action/lib/utils/getInputs.js","statementMap":{"0":{"start":{"line":1,"column":13},"end":{"line":1,"column":37}},"1":{"start":{"line":3,"column":21},"end":{"line":3,"column":45}},"2":{"start":{"line":4,"column":22},"end":{"line":4,"column":45}},"3":{"start":{"line":6,"column":0},"end":{"line":21,"column":2}},"4":{"start":{"line":9,"column":26},"end":{"line":9,"column":60}},"5":{"start":{"line":11,"column":4},"end":{"line":19,"column":5}},"6":{"start":{"line":12,"column":22},"end":{"line":12,"column":61}},"7":{"start":{"line":13,"column":22},"end":{"line":13,"column":70}},"8":{"start":{"line":14,"column":21},"end":{"line":14,"column":62}},"9":{"start":{"line":15,"column":6},"end":{"line":15,"column":41}},"10":{"start":{"line":17,"column":6},"end":{"line":17,"column":45}},"11":{"start":{"line":18,"column":6},"end":{"line":18,"column":14}}},"fnMap":{"0":{"name":"(anonymous_0)","decl":{"start":{"line":7,"column":13},"end":{"line":7,"column":14}},"loc":{"start":{"line":7,"column":19},"end":{"line":20,"column":3}},"line":7}},"branchMap":{"0":{"loc":{"start":{"line":9,"column":26},"end":{"line":9,"column":60}},"type":"cond-expr","locations":[{"start":{"line":9,"column":40},"end":{"line":9,"column":48}},{"start":{"line":9,"column":51},"end":{"line":9,"column":60}}],"line":9}},"s":{"0":1,"1":1,"2":1,"3":1,"4":8,"5":8,"6":8,"7":6,"8":6,"9":6,"10":2,"11":2},"f":{"0":8},"b":{"0":[1,7]},"_coverageSchema":"1a1c01bbd47fc00a2c39e90264f33305004495a9","hash":"fffc45d4a0bc0a9d63f145c730398a0a972beea6"}
,"/Users/nicholasliffen/Documents/code/cfn-lint-action/lib/utils/helpers.js": {"path":"/Users/nicholasliffen/Documents/code/cfn-lint-action/lib/utils/helpers.js","statementMap":{"0":{"start":{"line":1,"column":11},"end":{"line":1,"column":24}},"1":{"start":{"line":2,"column":13},"end":{"line":2,"column":28}},"2":{"start":{"line":3,"column":11},"end":{"line":3,"column":24}},"3":{"start":{"line":5,"column":13},"end":{"line":5,"column":37}},"4":{"start":{"line":6,"column":11},"end":{"line":6,"column":33}},"5":{"start":{"line":8,"column":0},"end":{"line":21,"column":2}},"6":{"start":{"line":10,"column":4},"end":{"line":10,"column":37}},"7":{"start":{"line":13,"column":4},"end":{"line":13,"column":69}},"8":{"start":{"line":16,"column":23},"end":{"line":16,"column":51}},"9":{"start":{"line":18,"column":4},"end":{"line":18,"column":47}},"10":{"start":{"line":19,"column":4},"end":{"line":19,"column":58}}},"fnMap":{"0":{"name":"(anonymous_0)","decl":{"start":{"line":9,"column":13},"end":{"line":9,"column":14}},"loc":{"start":{"line":9,"column":19},"end":{"line":11,"column":3}},"line":9},"1":{"name":"(anonymous_1)","decl":{"start":{"line":12,"column":13},"end":{"line":12,"column":14}},"loc":{"start":{"line":12,"column":19},"end":{"line":14,"column":3}},"line":12},"2":{"name":"(anonymous_2)","decl":{"start":{"line":15,"column":20},"end":{"line":15,"column":21}},"loc":{"start":{"line":15,"column":48},"end":{"line":20,"column":3}},"line":15}},"branchMap":{},"s":{"0":2,"1":2,"2":2,"3":2,"4":2,"5":2,"6":23,"7":7,"8":7,"9":7,"10":7},"f":{"0":23,"1":7,"2":7},"b":{},"_coverageSchema":"1a1c01bbd47fc00a2c39e90264f33305004495a9","hash":"50b126e7f5c5e4016bc4a25c8da3528bdcf8e28e"}
,"/Users/nicholasliffen/Documents/code/cfn-lint-action/lib/utils/installCLI.js": {"path":"/Users/nicholasliffen/Documents/code/cfn-lint-action/lib/utils/installCLI.js","statementMap":{"0":{"start":{"line":1,"column":11},"end":{"line":1,"column":24}},"1":{"start":{"line":2,"column":13},"end":{"line":2,"column":28}},"2":{"start":{"line":4,"column":13},"end":{"line":4,"column":37}},"3":{"start":{"line":6,"column":50},"end":{"line":6,"column":73}},"4":{"start":{"line":9,"column":0},"end":{"line":40,"column":2}},"5":{"start":{"line":11,"column":21},"end":{"line":11,"column":32}},"6":{"start":{"line":14,"column":21},"end":{"line":14,"column":49}},"7":{"start":{"line":15,"column":4},"end":{"line":15,"column":45}},"8":{"start":{"line":18,"column":19},"end":{"line":18,"column":50}},"9":{"start":{"line":19,"column":20},"end":{"line":19,"column":47}},"10":{"start":{"line":22,"column":23},"end":{"line":22,"column":51}},"11":{"start":{"line":25,"column":4},"end":{"line":25,"column":78}},"12":{"start":{"line":27,"column":4},"end":{"line":27,"column":95}},"13":{"start":{"line":29,"column":4},"end":{"line":29,"column":96}},"14":{"start":{"line":32,"column":24},"end":{"line":32,"column":50}},"15":{"start":{"line":33,"column":4},"end":{"line":33,"column":30}},"16":{"start":{"line":34,"column":20},"end":{"line":34,"column":61}},"17":{"start":{"line":35,"column":4},"end":{"line":35,"column":81}},"18":{"start":{"line":37,"column":4},"end":{"line":37,"column":23}}},"fnMap":{"0":{"name":"(anonymous_0)","decl":{"start":{"line":10,"column":14},"end":{"line":10,"column":15}},"loc":{"start":{"line":10,"column":45},"end":{"line":38,"column":3}},"line":10}},"branchMap":{"0":{"loc":{"start":{"line":18,"column":19},"end":{"line":18,"column":50}},"type":"cond-expr","locations":[{"start":{"line":18,"column":33},"end":{"line":18,"column":42}},{"start":{"line":18,"column":45},"end":{"line":18,"column":50}}],"line":18},"1":{"loc":{"start":{"line":34,"column":20},"end":{"line":34,"column":61}},"type":"cond-expr","locations":[{"start":{"line":34,"column":34},"end":{"line":34,"column":48}},{"start":{"line":34,"column":51},"end":{"line":34,"column":61}}],"line":34}},"s":{"0":1,"1":1,"2":1,"3":1,"4":1,"5":6,"6":6,"7":6,"8":6,"9":6,"10":6,"11":6,"12":6,"13":6,"14":6,"15":6,"16":6,"17":6,"18":6},"f":{"0":6},"b":{"0":[1,5],"1":[1,5]},"_coverageSchema":"1a1c01bbd47fc00a2c39e90264f33305004495a9","hash":"5d67dd469ae103fcf6da30c673eceaa93bf16f87"}
,"/Users/nicholasliffen/Documents/code/cfn-lint-action/lib/utils/runCommand.js": {"path":"/Users/nicholasliffen/Documents/code/cfn-lint-action/lib/utils/runCommand.js","statementMap":{"0":{"start":{"line":1,"column":13},"end":{"line":1,"column":37}},"1":{"start":{"line":2,"column":13},"end":{"line":2,"column":37}},"2":{"start":{"line":4,"column":0},"end":{"line":15,"column":2}},"3":{"start":{"line":6,"column":4},"end":{"line":13,"column":5}},"4":{"start":{"line":7,"column":23},"end":{"line":7,"column":47}},"5":{"start":{"line":8,"column":6},"end":{"line":8,"column":69}},"6":{"start":{"line":9,"column":6},"end":{"line":9,"column":22}},"7":{"start":{"line":11,"column":6},"end":{"line":11,"column":87}},"8":{"start":{"line":12,"column":6},"end":{"line":12,"column":14}}},"fnMap":{"0":{"name":"(anonymous_0)","decl":{"start":{"line":5,"column":14},"end":{"line":5,"column":15}},"loc":{"start":{"line":5,"column":37},"end":{"line":14,"column":3}},"line":5}},"branchMap":{},"s":{"0":2,"1":2,"2":2,"3":4,"4":4,"5":3,"6":3,"7":1,"8":1},"f":{"0":4},"b":{},"_coverageSchema":"1a1c01bbd47fc00a2c39e90264f33305004495a9","hash":"ec14100b7312a2969bbccb1b475c708bdd0c7ec9"}
}
