TN:
SF:lib/setup.js
FN:7,setup
FNF:1
FNH:1
FNDA:8,setup
DA:1,1
DA:3,1
DA:4,1
DA:5,1
DA:11,8
DA:12,8
DA:14,2
DA:15,2
DA:18,6
DA:19,6
DA:21,0
DA:22,0
DA:25,6
DA:27,6
DA:28,4
DA:31,2
DA:32,2
DA:34,0
DA:35,0
DA:38,2
DA:42,1
LF:21
LH:17
BRDA:27,0,0,4
BRDA:27,0,1,2
BRF:2
BRH:2
end_of_record
TN:
SF:lib/utils/getInput.js
FN:4,(anonymous_0)
FNF:1
FNH:1
FNDA:23,(anonymous_0)
DA:1,2
DA:3,2
DA:5,23
DA:6,23
DA:7,3
DA:9,20
LF:6
LH:6
BRDA:5,0,0,23
BRDA:5,0,1,15
BRDA:6,1,0,3
BRDA:6,1,1,20
BRF:4
BRH:4
end_of_record
TN:
SF:lib/utils/getInputs.js
FN:7,(anonymous_0)
FNF:1
FNH:1
FNDA:8,(anonymous_0)
DA:1,1
DA:3,1
DA:4,1
DA:6,1
DA:9,8
DA:11,8
DA:12,8
DA:13,6
DA:14,6
DA:15,6
DA:17,2
DA:18,2
LF:12
LH:12
BRDA:9,0,0,1
BRDA:9,0,1,7
BRF:2
BRH:2
end_of_record
TN:
SF:lib/utils/helpers.js
FN:9,(anonymous_0)
FN:12,(anonymous_1)
FN:15,(anonymous_2)
FNF:3
FNH:3
FNDA:23,(anonymous_0)
FNDA:7,(anonymous_1)
FNDA:7,(anonymous_2)
DA:1,2
DA:2,2
DA:3,2
DA:5,2
DA:6,2
DA:8,2
DA:10,23
DA:13,7
DA:16,7
DA:18,7
DA:19,7
LF:11
LH:11
BRF:0
BRH:0
end_of_record
TN:
SF:lib/utils/installCLI.js
FN:10,(anonymous_0)
FNF:1
FNH:1
FNDA:6,(anonymous_0)
DA:1,1
DA:2,1
DA:4,1
DA:6,1
DA:9,1
DA:11,6
DA:14,6
DA:15,6
DA:18,6
DA:19,6
DA:22,6
DA:25,6
DA:27,6
DA:29,6
DA:32,6
DA:33,6
DA:34,6
DA:35,6
DA:37,6
LF:19
LH:19
BRDA:18,0,0,1
BRDA:18,0,1,5
BRDA:34,1,0,1
BRDA:34,1,1,5
BRF:4
BRH:4
end_of_record
TN:
SF:lib/utils/runCommand.js
FN:5,(anonymous_0)
FNF:1
FNH:1
FNDA:4,(anonymous_0)
DA:1,2
DA:2,2
DA:4,2
DA:6,4
DA:7,4
DA:8,3
DA:9,3
DA:11,1
DA:12,1
LF:9
LH:9
BRF:0
BRH:0
end_of_record
